# JRE version: OpenJDK Runtime Environment (11.0.10) (build 11.0.10+0-b96-7249189)
# Java VM: OpenJDK 64-Bit Server VM (11.0.10+0-b96-7249189, mixed mode, tiered, compressed oops, g1 gc, windows-amd64)
Heap:
 garbage-first heap   total 189440K, used 96577K [0x0000000080000000, 0x0000000100000000)
  region size 1024K, 37 young (37888K), 9 survivors (9216K)
 Metaspace       used 86083K, capacity 88173K, committed 88396K, reserved 1126400K
  class space    used 10882K, capacity 11640K, committed 11648K, reserved 1048576K
GC Heap History (20 events):
Event: 4.357 GC heap before
{Heap before GC invocations=6 (full 0):
 garbage-first heap   total 131072K, used 60726K [0x0000000080000000, 0x0000000100000000)
  region size 1024K, 46 young (47104K), 3 survivors (3072K)
 Metaspace       used 35063K, capacity 35838K, committed 35840K, reserved 1081344K
  class space    used 4537K, capacity 4864K, committed 4864K, reserved 1048576K
}
Event: 4.365 GC heap after
{Heap after GC invocations=7 (full 0):
 garbage-first heap   total 131072K, used 21608K [0x0000000080000000, 0x0000000100000000)
  region size 1024K, 6 young (6144K), 6 survivors (6144K)
 Metaspace       used 35063K, capacity 35838K, committed 35840K, reserved 1081344K
  class space    used 4537K, capacity 4864K, committed 4864K, reserved 1048576K
}
Event: 5.662 GC heap before
{Heap before GC invocations=8 (full 0):
 garbage-first heap   total 131072K, used 92264K [0x0000000080000000, 0x0000000100000000)
  region size 1024K, 73 young (74752K), 6 survivors (6144K)
 Metaspace       used 40137K, capacity 41076K, committed 41088K, reserved 1085440K
  class space    used 5143K, capacity 5493K, committed 5504K, reserved 1048576K
}
Event: 5.672 GC heap after
{Heap after GC invocations=9 (full 0):
 garbage-first heap   total 157696K, used 27063K [0x0000000080000000, 0x0000000100000000)
  region size 1024K, 9 young (9216K), 9 survivors (9216K)
 Metaspace       used 40137K, capacity 41076K, committed 41088K, reserved 1085440K
  class space    used 5143K, capacity 5493K, committed 5504K, reserved 1048576K
}
Event: 6.873 GC heap before
{Heap before GC invocations=9 (full 0):
 garbage-first heap   total 157696K, used 105911K [0x0000000080000000, 0x0000000100000000)
  region size 1024K, 86 young (88064K), 9 survivors (9216K)
 Metaspace       used 46701K, capacity 47830K, committed 48000K, reserved 1091584K
  class space    used 5977K, capacity 6419K, committed 6528K, reserved 1048576K
}
Event: 6.882 GC heap after
{Heap after GC invocations=10 (full 0):
 garbage-first heap   total 157696K, used 29347K [0x0000000080000000, 0x0000000100000000)
  region size 1024K, 8 young (8192K), 8 survivors (8192K)
 Metaspace       used 46701K, capacity 47830K, committed 48000K, reserved 1091584K
  class space    used 5977K, capacity 6419K, committed 6528K, reserved 1048576K
}
Event: 9.465 GC heap before
{Heap before GC invocations=10 (full 0):
 garbage-first heap   total 157696K, used 118435K [0x0000000080000000, 0x0000000100000000)
  region size 1024K, 92 young (94208K), 8 survivors (8192K)
 Metaspace       used 55882K, capacity 57320K, committed 57472K, reserved 1099776K
  class space    used 7046K, capacity 7540K, committed 7552K, reserved 1048576K
}
Event: 9.477 GC heap after
{Heap after GC invocations=11 (full 0):
 garbage-first heap   total 157696K, used 42661K [0x0000000080000000, 0x0000000100000000)
  region size 1024K, 12 young (12288K), 12 survivors (12288K)
 Metaspace       used 55882K, capacity 57320K, committed 57472K, reserved 1099776K
  class space    used 7046K, capacity 7540K, committed 7552K, reserved 1048576K
}
Event: 9.743 GC heap before
{Heap before GC invocations=11 (full 0):
 garbage-first heap   total 157696K, used 59045K [0x0000000080000000, 0x0000000100000000)
  region size 1024K, 29 young (29696K), 12 survivors (12288K)
 Metaspace       used 58683K, capacity 60142K, committed 60160K, reserved 1101824K
  class space    used 7401K, capacity 7923K, committed 7936K, reserved 1048576K
}
Event: 9.758 GC heap after
{Heap after GC invocations=12 (full 0):
 garbage-first heap   total 157696K, used 44638K [0x0000000080000000, 0x0000000100000000)
  region size 1024K, 2 young (2048K), 2 survivors (2048K)
 Metaspace       used 58683K, capacity 60142K, committed 60160K, reserved 1101824K
  class space    used 7401K, capacity 7923K, committed 7936K, reserved 1048576K
}
Event: 10.428 GC heap before
{Heap before GC invocations=13 (full 0):
 garbage-first heap   total 157696K, used 104030K [0x0000000080000000, 0x0000000100000000)
  region size 1024K, 60 young (61440K), 2 survivors (2048K)
 Metaspace       used 64238K, capacity 65765K, committed 65996K, reserved 1105920K
  class space    used 8107K, capacity 8673K, committed 8704K, reserved 1048576K
}
Event: 10.436 GC heap after
{Heap after GC invocations=14 (full 0):
 garbage-first heap   total 189440K, used 48487K [0x0000000080000000, 0x0000000100000000)
  region size 1024K, 6 young (6144K), 6 survivors (6144K)
 Metaspace       used 64238K, capacity 65765K, committed 65996K, reserved 1105920K
  class space    used 8107K, capacity 8673K, committed 8704K, reserved 1048576K
}
Event: 11.317 GC heap before
{Heap before GC invocations=15 (full 0):
 garbage-first heap   total 189440K, used 124263K [0x0000000080000000, 0x0000000100000000)
  region size 1024K, 80 young (81920K), 6 survivors (6144K)
 Metaspace       used 70809K, capacity 72442K, committed 72652K, reserved 1112064K
  class space    used 9126K, capacity 9715K, committed 9728K, reserved 1048576K
}
Event: 11.327 GC heap after
{Heap after GC invocations=16 (full 0):
 garbage-first heap   total 189440K, used 54026K [0x0000000080000000, 0x0000000100000000)
  region size 1024K, 10 young (10240K), 10 survivors (10240K)
 Metaspace       used 70809K, capacity 72442K, committed 72652K, reserved 1112064K
  class space    used 9126K, capacity 9715K, committed 9728K, reserved 1048576K
}
Event: 12.217 GC heap before
{Heap before GC invocations=16 (full 0):
 garbage-first heap   total 189440K, used 129802K [0x0000000080000000, 0x0000000100000000)
  region size 1024K, 85 young (87040K), 10 survivors (10240K)
 Metaspace       used 78901K, capacity 80701K, committed 80972K, reserved 1120256K
  class space    used 10127K, capacity 10777K, committed 10880K, reserved 1048576K
}
Event: 12.230 GC heap after
{Heap after GC invocations=17 (full 0):
 garbage-first heap   total 189440K, used 60354K [0x0000000080000000, 0x0000000100000000)
  region size 1024K, 11 young (11264K), 11 survivors (11264K)
 Metaspace       used 78901K, capacity 80701K, committed 80972K, reserved 1120256K
  class space    used 10127K, capacity 10777K, committed 10880K, reserved 1048576K
}
Event: 14.372 GC heap before
{Heap before GC invocations=17 (full 0):
 garbage-first heap   total 189440K, used 135106K [0x0000000080000000, 0x0000000100000000)
  region size 1024K, 85 young (87040K), 11 survivors (11264K)
 Metaspace       used 81751K, capacity 83773K, committed 83916K, reserved 1122304K
  class space    used 10524K, capacity 11256K, committed 11264K, reserved 1048576K
}
Event: 14.385 GC heap after
{Heap after GC invocations=18 (full 0):
 garbage-first heap   total 189440K, used 66975K [0x0000000080000000, 0x0000000100000000)
  region size 1024K, 6 young (6144K), 6 survivors (6144K)
 Metaspace       used 81751K, capacity 83773K, committed 83916K, reserved 1122304K
  class space    used 10524K, capacity 11256K, committed 11264K, reserved 1048576K
}
Event: 16.528 GC heap before
{Heap before GC invocations=18 (full 0):
 garbage-first heap   total 189440K, used 139679K [0x0000000080000000, 0x0000000100000000)
  region size 1024K, 78 young (79872K), 6 survivors (6144K)
 Metaspace       used 82503K, capacity 84549K, committed 84812K, reserved 1122304K
  class space    used 10570K, capacity 11310K, committed 11392K, reserved 1048576K
}
Event: 16.546 GC heap after
{Heap after GC invocations=19 (full 0):
 garbage-first heap   total 189440K, used 69953K [0x0000000080000000, 0x0000000100000000)
  region size 1024K, 9 young (9216K), 9 survivors (9216K)
 Metaspace       used 82503K, capacity 84549K, committed 84812K, reserved 1122304K
  class space    used 10570K, capacity 11310K, committed 11392K, reserved 1048576K
}

